  GameObject.cpp
C:\Users\Administrator\Desktop\CPlusPlusStudy-1\Project1\GameObject.cpp(63,1): error C2556: 'void Player::GetExp(int)': 오버로드된 함수가 'int Player::GetExp(int)'과(와) 반환 형식만 다릅니다.
  C:\Users\Administrator\Desktop\CPlusPlusStudy-1\Project1\GameObject.h(69,6):
  'Player::GetExp' 선언을 참조하십시오.
  
C:\Users\Administrator\Desktop\CPlusPlusStudy-1\Project1\GameObject.cpp(62,14): error C2371: 'Player::GetExp': 재정의. 기본 형식이 다릅니다.
  C:\Users\Administrator\Desktop\CPlusPlusStudy-1\Project1\GameObject.h(69,6):
  'Player::GetExp' 선언을 참조하십시오.
  
C:\Users\Administrator\Desktop\CPlusPlusStudy-1\Project1\GameObject.cpp(62,14): error C2084: 'int Player::GetExp(int)' 함수에 이미 본문이 있습니다.
  C:\Users\Administrator\Desktop\CPlusPlusStudy-1\Project1\GameObject.h(69,6):
  'GetExp'의 이전 정의를 참조하십시오.
  
C:\Users\Administrator\Desktop\CPlusPlusStudy-1\Project1\GameObject.cpp(69,1): error C2556: 'void Player::GetMoney(int)': 오버로드된 함수가 'int Player::GetMoney(int)'과(와) 반환 형식만 다릅니다.
  C:\Users\Administrator\Desktop\CPlusPlusStudy-1\Project1\GameObject.h(70,6):
  'Player::GetMoney' 선언을 참조하십시오.
  
C:\Users\Administrator\Desktop\CPlusPlusStudy-1\Project1\GameObject.cpp(68,14): error C2371: 'Player::GetMoney': 재정의. 기본 형식이 다릅니다.
  C:\Users\Administrator\Desktop\CPlusPlusStudy-1\Project1\GameObject.h(70,6):
  'Player::GetMoney' 선언을 참조하십시오.
  
C:\Users\Administrator\Desktop\CPlusPlusStudy-1\Project1\GameObject.cpp(68,14): error C2084: 'int Player::GetMoney(int)' 함수에 이미 본문이 있습니다.
  C:\Users\Administrator\Desktop\CPlusPlusStudy-1\Project1\GameObject.h(70,6):
  'GetMoney'의 이전 정의를 참조하십시오.
  
C:\Users\Administrator\Desktop\CPlusPlusStudy-1\Project1\GameObject.cpp(119,15): error C2660: 'Reward::RewardExp': 함수는 0개의 인수를 사용하지 않습니다.
  C:\Users\Administrator\Desktop\CPlusPlusStudy-1\Project1\GameObject.h(45,6):
  'Reward::RewardExp' 선언을 참조하십시오.
  C:\Users\Administrator\Desktop\CPlusPlusStudy-1\Project1\GameObject.cpp(119,15):
  인수 목록 '()'을(를) 일치시키는 동안
  
C:\Users\Administrator\Desktop\CPlusPlusStudy-1\Project1\GameObject.cpp(120,15): error C2660: 'Reward::RewardMoney': 함수는 0개의 인수를 사용하지 않습니다.
  C:\Users\Administrator\Desktop\CPlusPlusStudy-1\Project1\GameObject.h(44,6):
  'Reward::RewardMoney' 선언을 참조하십시오.
  C:\Users\Administrator\Desktop\CPlusPlusStudy-1\Project1\GameObject.cpp(120,15):
  인수 목록 '()'을(를) 일치시키는 동안
  
